-- The C compiler identification is GNU 13.3.0
-- The CXX compiler identification is GNU 13.3.0
-- Detecting C compiler ABI info
-- Detecting C compiler ABI info - done
-- Check for working C compiler: /usr/bin/cc - skipped
-- Detecting C compile features
-- Detecting C compile features - done
-- Detecting CXX compiler ABI info
-- Detecting CXX compiler ABI info - done
-- Check for working CXX compiler: /usr/bin/c++ - skipped
-- Detecting CXX compile features
-- Detecting CXX compile features - done
-- Found ament_cmake: 2.5.6 (/opt/ros/jazzy/share/ament_cmake/cmake)
-- Found Python3: /usr/bin/python3 (found version "3.12.3") found components: Interpreter 
-- Found rclcpp: 28.1.21 (/opt/ros/jazzy/share/rclcpp/cmake)
-- Found rosidl_generator_c: 4.6.9 (/opt/ros/jazzy/share/rosidl_generator_c/cmake)
-- Found rosidl_generator_cpp: 4.6.9 (/opt/ros/jazzy/share/rosidl_generator_cpp/cmake)
-- Using all available rosidl_typesupport_c: rosidl_typesupport_fastrtps_c;rosidl_typesupport_introspection_c
-- Using all available rosidl_typesupport_cpp: rosidl_typesupport_fastrtps_cpp;rosidl_typesupport_introspection_cpp
-- Found rmw_implementation_cmake: 7.3.3 (/opt/ros/jazzy/share/rmw_implementation_cmake/cmake)
-- Found rmw_fastrtps_cpp: 8.4.4 (/opt/ros/jazzy/share/rmw_fastrtps_cpp/cmake)
-- Found OpenSSL: /usr/lib/x86_64-linux-gnu/libcrypto.so (found version "3.0.13")  
-- Found FastRTPS: /opt/ros/jazzy/include (Required is at least version "2.13") 
-- Using RMW implementation 'rmw_fastrtps_cpp' as default
-- Found geometry_msgs: 5.3.8 (/opt/ros/jazzy/share/geometry_msgs/cmake)
-- Found nav_msgs: 5.3.8 (/opt/ros/jazzy/share/nav_msgs/cmake)
-- Found tf2: 0.36.21 (/opt/ros/jazzy/share/tf2/cmake)
-- Found tf2_ros: 0.36.21 (/opt/ros/jazzy/share/tf2_ros/cmake)
-- Found ament_lint_auto: 0.17.5 (/opt/ros/jazzy/share/ament_lint_auto/cmake)
-- Added test 'cppcheck' to perform static code analysis on C / C++ code
-- Configured cppcheck include dirs: 
-- Configured cppcheck exclude dirs and/or files: 
-- Added test 'lint_cmake' to check CMake code style
-- Added test 'uncrustify' to check C / C++ code style
-- Configured uncrustify additional arguments: 
-- Added test 'xmllint' to check XML markup files
-- Configuring done (1.7s)
-- Generating done (0.0s)
-- Build files have been written to: /home/lufsseccus/ros2_ws/src/kuka_udp_bridge_node/build/kuka_udp_bridge_node
[ 50%] [32mBuilding CXX object CMakeFiles/udp_bridge_node.dir/src/udp_bridge_node.cpp.o[0m
[100%] [32m[1mLinking CXX executable udp_bridge_node[0m
[100%] Built target udp_bridge_node
-- Install configuration: ""
-- Installing: /home/lufsseccus/ros2_ws/src/kuka_udp_bridge_node/install/kuka_udp_bridge_node/lib/kuka_udp_bridge_node/udp_bridge_node
-- Set non-toolchain portion of runtime path of "/home/lufsseccus/ros2_ws/src/kuka_udp_bridge_node/install/kuka_udp_bridge_node/lib/kuka_udp_bridge_node/udp_bridge_node" to ""
-- Installing: /home/lufsseccus/ros2_ws/src/kuka_udp_bridge_node/install/kuka_udp_bridge_node/share/ament_index/resource_index/package_run_dependencies/kuka_udp_bridge_node
-- Installing: /home/lufsseccus/ros2_ws/src/kuka_udp_bridge_node/install/kuka_udp_bridge_node/share/ament_index/resource_index/parent_prefix_path/kuka_udp_bridge_node
-- Installing: /home/lufsseccus/ros2_ws/src/kuka_udp_bridge_node/install/kuka_udp_bridge_node/share/kuka_udp_bridge_node/environment/ament_prefix_path.sh
-- Installing: /home/lufsseccus/ros2_ws/src/kuka_udp_bridge_node/install/kuka_udp_bridge_node/share/kuka_udp_bridge_node/environment/ament_prefix_path.dsv
-- Installing: /home/lufsseccus/ros2_ws/src/kuka_udp_bridge_node/install/kuka_udp_bridge_node/share/kuka_udp_bridge_node/environment/path.sh
-- Installing: /home/lufsseccus/ros2_ws/src/kuka_udp_bridge_node/install/kuka_udp_bridge_node/share/kuka_udp_bridge_node/environment/path.dsv
-- Installing: /home/lufsseccus/ros2_ws/src/kuka_udp_bridge_node/install/kuka_udp_bridge_node/share/kuka_udp_bridge_node/local_setup.bash
-- Installing: /home/lufsseccus/ros2_ws/src/kuka_udp_bridge_node/install/kuka_udp_bridge_node/share/kuka_udp_bridge_node/local_setup.sh
-- Installing: /home/lufsseccus/ros2_ws/src/kuka_udp_bridge_node/install/kuka_udp_bridge_node/share/kuka_udp_bridge_node/local_setup.zsh
-- Installing: /home/lufsseccus/ros2_ws/src/kuka_udp_bridge_node/install/kuka_udp_bridge_node/share/kuka_udp_bridge_node/local_setup.dsv
-- Installing: /home/lufsseccus/ros2_ws/src/kuka_udp_bridge_node/install/kuka_udp_bridge_node/share/kuka_udp_bridge_node/package.dsv
-- Installing: /home/lufsseccus/ros2_ws/src/kuka_udp_bridge_node/install/kuka_udp_bridge_node/share/ament_index/resource_index/packages/kuka_udp_bridge_node
-- Installing: /home/lufsseccus/ros2_ws/src/kuka_udp_bridge_node/install/kuka_udp_bridge_node/share/kuka_udp_bridge_node/cmake/kuka_udp_bridge_nodeConfig.cmake
-- Installing: /home/lufsseccus/ros2_ws/src/kuka_udp_bridge_node/install/kuka_udp_bridge_node/share/kuka_udp_bridge_node/cmake/kuka_udp_bridge_nodeConfig-version.cmake
-- Installing: /home/lufsseccus/ros2_ws/src/kuka_udp_bridge_node/install/kuka_udp_bridge_node/share/kuka_udp_bridge_node/package.xml
