[0.012s] Invoking command in '/home/lufsseccus/ros2_ws/src/kuka_udp_bridge_node/build/kuka_udp_bridge_node': CMAKE_PREFIX_PATH=${CMAKE_PREFIX_PATH}:/opt/ros/jazzy DEBUGINFOD_URLS=https://debuginfod.ubuntu.com /usr/bin/cmake /home/lufsseccus/ros2_ws/src/kuka_udp_bridge_node -DCMAKE_INSTALL_PREFIX=/home/lufsseccus/ros2_ws/src/kuka_udp_bridge_node/install/kuka_udp_bridge_node
[0.283s] -- The C compiler identification is GNU 13.3.0
[0.370s] -- The CXX compiler identification is GNU 13.3.0
[0.404s] -- Detecting C compiler ABI info
[0.568s] -- Detecting C compiler ABI info - done
[0.578s] -- Check for working C compiler: /usr/bin/cc - skipped
[0.580s] -- Detecting C compile features
[0.581s] -- Detecting C compile features - done
[0.589s] -- Detecting CXX compiler ABI info
[0.675s] -- Detecting CXX compiler ABI info - done
[0.681s] -- Check for working CXX compiler: /usr/bin/c++ - skipped
[0.682s] -- Detecting CXX compile features
[0.682s] -- Detecting CXX compile features - done
[0.709s] -- Found ament_cmake: 2.5.6 (/opt/ros/jazzy/share/ament_cmake/cmake)
[0.841s] -- Found Python3: /usr/bin/python3 (found version "3.12.3") found components: Interpreter 
[0.957s] -- Found rclcpp: 28.1.21 (/opt/ros/jazzy/share/rclcpp/cmake)
[1.029s] -- Found rosidl_generator_c: 4.6.9 (/opt/ros/jazzy/share/rosidl_generator_c/cmake)
[1.042s] -- Found rosidl_generator_cpp: 4.6.9 (/opt/ros/jazzy/share/rosidl_generator_cpp/cmake)
[1.067s] -- Using all available rosidl_typesupport_c: rosidl_typesupport_fastrtps_c;rosidl_typesupport_introspection_c
[1.085s] -- Using all available rosidl_typesupport_cpp: rosidl_typesupport_fastrtps_cpp;rosidl_typesupport_introspection_cpp
[1.166s] -- Found rmw_implementation_cmake: 7.3.3 (/opt/ros/jazzy/share/rmw_implementation_cmake/cmake)
[1.169s] -- Found rmw_fastrtps_cpp: 8.4.4 (/opt/ros/jazzy/share/rmw_fastrtps_cpp/cmake)
[1.303s] -- Found OpenSSL: /usr/lib/x86_64-linux-gnu/libcrypto.so (found version "3.0.13")  
[1.328s] -- Found FastRTPS: /opt/ros/jazzy/include (Required is at least version "2.13") 
[1.352s] -- Using RMW implementation 'rmw_fastrtps_cpp' as default
[1.433s] -- Found geometry_msgs: 5.3.8 (/opt/ros/jazzy/share/geometry_msgs/cmake)
[1.470s] -- Found nav_msgs: 5.3.8 (/opt/ros/jazzy/share/nav_msgs/cmake)
[1.501s] -- Found tf2: 0.36.21 (/opt/ros/jazzy/share/tf2/cmake)
[1.506s] -- Found tf2_ros: 0.36.21 (/opt/ros/jazzy/share/tf2_ros/cmake)
[1.631s] -- Found ament_lint_auto: 0.17.5 (/opt/ros/jazzy/share/ament_lint_auto/cmake)
[1.714s] -- Added test 'cppcheck' to perform static code analysis on C / C++ code
[1.714s] -- Configured cppcheck include dirs: 
[1.714s] -- Configured cppcheck exclude dirs and/or files: 
[1.716s] -- Added test 'lint_cmake' to check CMake code style
[1.719s] -- Added test 'uncrustify' to check C / C++ code style
[1.719s] -- Configured uncrustify additional arguments: 
[1.720s] -- Added test 'xmllint' to check XML markup files
[1.721s] -- Configuring done (1.7s)
[1.730s] -- Generating done (0.0s)
[1.733s] -- Build files have been written to: /home/lufsseccus/ros2_ws/src/kuka_udp_bridge_node/build/kuka_udp_bridge_node
[1.741s] Invoked command in '/home/lufsseccus/ros2_ws/src/kuka_udp_bridge_node/build/kuka_udp_bridge_node' returned '0': CMAKE_PREFIX_PATH=${CMAKE_PREFIX_PATH}:/opt/ros/jazzy DEBUGINFOD_URLS=https://debuginfod.ubuntu.com /usr/bin/cmake /home/lufsseccus/ros2_ws/src/kuka_udp_bridge_node -DCMAKE_INSTALL_PREFIX=/home/lufsseccus/ros2_ws/src/kuka_udp_bridge_node/install/kuka_udp_bridge_node
[1.742s] Invoking command in '/home/lufsseccus/ros2_ws/src/kuka_udp_bridge_node/build/kuka_udp_bridge_node': CMAKE_PREFIX_PATH=${CMAKE_PREFIX_PATH}:/opt/ros/jazzy DEBUGINFOD_URLS=https://debuginfod.ubuntu.com /usr/bin/cmake --build /home/lufsseccus/ros2_ws/src/kuka_udp_bridge_node/build/kuka_udp_bridge_node -- -j16 -l16
[1.785s] [ 50%] [32mBuilding CXX object CMakeFiles/udp_bridge_node.dir/src/udp_bridge_node.cpp.o[0m
[8.505s] [100%] [32m[1mLinking CXX executable udp_bridge_node[0m
[8.834s] [100%] Built target udp_bridge_node
[8.847s] Invoked command in '/home/lufsseccus/ros2_ws/src/kuka_udp_bridge_node/build/kuka_udp_bridge_node' returned '0': CMAKE_PREFIX_PATH=${CMAKE_PREFIX_PATH}:/opt/ros/jazzy DEBUGINFOD_URLS=https://debuginfod.ubuntu.com /usr/bin/cmake --build /home/lufsseccus/ros2_ws/src/kuka_udp_bridge_node/build/kuka_udp_bridge_node -- -j16 -l16
[8.854s] Invoking command in '/home/lufsseccus/ros2_ws/src/kuka_udp_bridge_node/build/kuka_udp_bridge_node': CMAKE_PREFIX_PATH=${CMAKE_PREFIX_PATH}:/opt/ros/jazzy DEBUGINFOD_URLS=https://debuginfod.ubuntu.com /usr/bin/cmake --install /home/lufsseccus/ros2_ws/src/kuka_udp_bridge_node/build/kuka_udp_bridge_node
[8.862s] -- Install configuration: ""
[8.862s] -- Installing: /home/lufsseccus/ros2_ws/src/kuka_udp_bridge_node/install/kuka_udp_bridge_node/lib/kuka_udp_bridge_node/udp_bridge_node
[8.866s] -- Set non-toolchain portion of runtime path of "/home/lufsseccus/ros2_ws/src/kuka_udp_bridge_node/install/kuka_udp_bridge_node/lib/kuka_udp_bridge_node/udp_bridge_node" to ""
[8.866s] -- Installing: /home/lufsseccus/ros2_ws/src/kuka_udp_bridge_node/install/kuka_udp_bridge_node/share/ament_index/resource_index/package_run_dependencies/kuka_udp_bridge_node
[8.866s] -- Installing: /home/lufsseccus/ros2_ws/src/kuka_udp_bridge_node/install/kuka_udp_bridge_node/share/ament_index/resource_index/parent_prefix_path/kuka_udp_bridge_node
[8.866s] -- Installing: /home/lufsseccus/ros2_ws/src/kuka_udp_bridge_node/install/kuka_udp_bridge_node/share/kuka_udp_bridge_node/environment/ament_prefix_path.sh
[8.866s] -- Installing: /home/lufsseccus/ros2_ws/src/kuka_udp_bridge_node/install/kuka_udp_bridge_node/share/kuka_udp_bridge_node/environment/ament_prefix_path.dsv
[8.866s] -- Installing: /home/lufsseccus/ros2_ws/src/kuka_udp_bridge_node/install/kuka_udp_bridge_node/share/kuka_udp_bridge_node/environment/path.sh
[8.866s] -- Installing: /home/lufsseccus/ros2_ws/src/kuka_udp_bridge_node/install/kuka_udp_bridge_node/share/kuka_udp_bridge_node/environment/path.dsv
[8.866s] -- Installing: /home/lufsseccus/ros2_ws/src/kuka_udp_bridge_node/install/kuka_udp_bridge_node/share/kuka_udp_bridge_node/local_setup.bash
[8.866s] -- Installing: /home/lufsseccus/ros2_ws/src/kuka_udp_bridge_node/install/kuka_udp_bridge_node/share/kuka_udp_bridge_node/local_setup.sh
[8.867s] -- Installing: /home/lufsseccus/ros2_ws/src/kuka_udp_bridge_node/install/kuka_udp_bridge_node/share/kuka_udp_bridge_node/local_setup.zsh
[8.867s] -- Installing: /home/lufsseccus/ros2_ws/src/kuka_udp_bridge_node/install/kuka_udp_bridge_node/share/kuka_udp_bridge_node/local_setup.dsv
[8.867s] -- Installing: /home/lufsseccus/ros2_ws/src/kuka_udp_bridge_node/install/kuka_udp_bridge_node/share/kuka_udp_bridge_node/package.dsv
[8.867s] -- Installing: /home/lufsseccus/ros2_ws/src/kuka_udp_bridge_node/install/kuka_udp_bridge_node/share/ament_index/resource_index/packages/kuka_udp_bridge_node
[8.867s] -- Installing: /home/lufsseccus/ros2_ws/src/kuka_udp_bridge_node/install/kuka_udp_bridge_node/share/kuka_udp_bridge_node/cmake/kuka_udp_bridge_nodeConfig.cmake
[8.867s] -- Installing: /home/lufsseccus/ros2_ws/src/kuka_udp_bridge_node/install/kuka_udp_bridge_node/share/kuka_udp_bridge_node/cmake/kuka_udp_bridge_nodeConfig-version.cmake
[8.867s] -- Installing: /home/lufsseccus/ros2_ws/src/kuka_udp_bridge_node/install/kuka_udp_bridge_node/share/kuka_udp_bridge_node/package.xml
[8.868s] Invoked command in '/home/lufsseccus/ros2_ws/src/kuka_udp_bridge_node/build/kuka_udp_bridge_node' returned '0': CMAKE_PREFIX_PATH=${CMAKE_PREFIX_PATH}:/opt/ros/jazzy DEBUGINFOD_URLS=https://debuginfod.ubuntu.com /usr/bin/cmake --install /home/lufsseccus/ros2_ws/src/kuka_udp_bridge_node/build/kuka_udp_bridge_node
