[0.071s] DEBUG:colcon:Command line arguments: ['/usr/bin/colcon', 'build', '--packages-select', 'kuka_udp_bridge_node', '--executor', 'sequential']
[0.071s] DEBUG:colcon:Parsed command line arguments: Namespace(log_base=None, log_level=None, verb_name='build', build_base='build', install_base='install', merge_install=False, symlink_install=False, test_result_base=None, continue_on_error=False, executor='sequential', parallel_workers=16, event_handlers=None, ignore_user_meta=False, metas=['./colcon.meta'], base_paths=['.'], packages_ignore=None, packages_ignore_regex=None, paths=None, packages_up_to=None, packages_up_to_regex=None, packages_above=None, packages_above_and_dependencies=None, packages_above_depth=None, packages_select_by_dep=None, packages_skip_by_dep=None, packages_skip_up_to=None, packages_select_build_failed=False, packages_skip_build_finished=False, packages_select_test_failures=False, packages_skip_test_passed=False, packages_select=['kuka_udp_bridge_node'], packages_skip=None, packages_select_regex=None, packages_skip_regex=None, packages_start=None, packages_end=None, allow_overriding=[], cmake_args=None, cmake_target=None, cmake_target_skip_unavailable=False, cmake_clean_cache=False, cmake_clean_first=False, cmake_force_configure=False, ament_cmake_args=None, catkin_cmake_args=None, catkin_skip_building_tests=False, mixin_files=None, mixin=None, verb_parser=<colcon_mixin.mixin.mixin_argument.MixinArgumentDecorator object at 0x7af9e06acc20>, verb_extension=<colcon_core.verb.build.BuildVerb object at 0x7af9e06ac9b0>, main=<bound method BuildVerb.main of <colcon_core.verb.build.BuildVerb object at 0x7af9e06ac9b0>>, mixin_verb=('build',))
[0.093s] Level 1:colcon.colcon_core.package_discovery:discover_packages(colcon_meta) check parameters
[0.093s] Level 1:colcon.colcon_core.package_discovery:discover_packages(recursive) check parameters
[0.093s] Level 1:colcon.colcon_core.package_discovery:discover_packages(ignore) check parameters
[0.093s] Level 1:colcon.colcon_core.package_discovery:discover_packages(path) check parameters
[0.093s] Level 1:colcon.colcon_core.package_discovery:discover_packages(colcon_meta) discover
[0.093s] Level 1:colcon.colcon_core.package_discovery:discover_packages(recursive) discover
[0.093s] INFO:colcon.colcon_core.package_discovery:Crawling recursively for packages in '/home/lufsseccus/ros2_ws/src/kuka_udp_bridge_node'
[0.093s] Level 1:colcon.colcon_core.package_identification:_identify(.) by extensions ['ignore', 'ignore_ament_install']
[0.093s] Level 1:colcon.colcon_core.package_identification:_identify(.) by extension 'ignore'
[0.093s] Level 1:colcon.colcon_core.package_identification:_identify(.) by extension 'ignore_ament_install'
[0.093s] Level 1:colcon.colcon_core.package_identification:_identify(.) by extensions ['colcon_pkg']
[0.093s] Level 1:colcon.colcon_core.package_identification:_identify(.) by extension 'colcon_pkg'
[0.093s] Level 1:colcon.colcon_core.package_identification:_identify(.) by extensions ['colcon_meta']
[0.093s] Level 1:colcon.colcon_core.package_identification:_identify(.) by extension 'colcon_meta'
[0.093s] Level 1:colcon.colcon_core.package_identification:_identify(.) by extensions ['ros']
[0.093s] Level 1:colcon.colcon_core.package_identification:_identify(.) by extension 'ros'
[0.110s] DEBUG:colcon.colcon_core.package_identification:Package '.' with type 'ros.ament_cmake' and name 'kuka_udp_bridge_node'
[0.110s] Level 1:colcon.colcon_core.package_discovery:discover_packages(recursive) using defaults
[0.110s] Level 1:colcon.colcon_core.package_discovery:discover_packages(ignore) discover
[0.110s] Level 1:colcon.colcon_core.package_discovery:discover_packages(ignore) using defaults
[0.110s] Level 1:colcon.colcon_core.package_discovery:discover_packages(path) discover
[0.110s] Level 1:colcon.colcon_core.package_discovery:discover_packages(path) using defaults
[0.138s] Level 1:colcon.colcon_core.package_discovery:discover_packages(prefix_path) check parameters
[0.138s] Level 1:colcon.colcon_core.package_discovery:discover_packages(prefix_path) discover
[0.151s] DEBUG:colcon.colcon_installed_package_information.package_discovery:Found 381 installed packages in /opt/ros/jazzy
[0.152s] Level 1:colcon.colcon_core.package_discovery:discover_packages(prefix_path) using defaults
[0.181s] Level 5:colcon.colcon_core.verb:set package 'kuka_udp_bridge_node' build argument 'cmake_args' from command line to 'None'
[0.181s] Level 5:colcon.colcon_core.verb:set package 'kuka_udp_bridge_node' build argument 'cmake_target' from command line to 'None'
[0.181s] Level 5:colcon.colcon_core.verb:set package 'kuka_udp_bridge_node' build argument 'cmake_target_skip_unavailable' from command line to 'False'
[0.181s] Level 5:colcon.colcon_core.verb:set package 'kuka_udp_bridge_node' build argument 'cmake_clean_cache' from command line to 'False'
[0.181s] Level 5:colcon.colcon_core.verb:set package 'kuka_udp_bridge_node' build argument 'cmake_clean_first' from command line to 'False'
[0.181s] Level 5:colcon.colcon_core.verb:set package 'kuka_udp_bridge_node' build argument 'cmake_force_configure' from command line to 'False'
[0.181s] Level 5:colcon.colcon_core.verb:set package 'kuka_udp_bridge_node' build argument 'ament_cmake_args' from command line to 'None'
[0.181s] Level 5:colcon.colcon_core.verb:set package 'kuka_udp_bridge_node' build argument 'catkin_cmake_args' from command line to 'None'
[0.181s] Level 5:colcon.colcon_core.verb:set package 'kuka_udp_bridge_node' build argument 'catkin_skip_building_tests' from command line to 'False'
[0.181s] DEBUG:colcon.colcon_core.verb:Building package 'kuka_udp_bridge_node' with the following arguments: {'ament_cmake_args': None, 'build_base': '/home/lufsseccus/ros2_ws/src/kuka_udp_bridge_node/build/kuka_udp_bridge_node', 'catkin_cmake_args': None, 'catkin_skip_building_tests': False, 'cmake_args': None, 'cmake_clean_cache': False, 'cmake_clean_first': False, 'cmake_force_configure': False, 'cmake_target': None, 'cmake_target_skip_unavailable': False, 'install_base': '/home/lufsseccus/ros2_ws/src/kuka_udp_bridge_node/install/kuka_udp_bridge_node', 'merge_install': False, 'path': '/home/lufsseccus/ros2_ws/src/kuka_udp_bridge_node', 'symlink_install': False, 'test_result_base': None}
[0.181s] INFO:colcon.colcon_core.executor:Executing jobs using 'sequential' executor
[0.181s] DEBUG:colcon.colcon_core.executor.sequential:run_until_complete 'kuka_udp_bridge_node'
[0.182s] INFO:colcon.colcon_ros.task.ament_cmake.build:Building ROS package in '/home/lufsseccus/ros2_ws/src/kuka_udp_bridge_node' with build type 'ament_cmake'
[0.182s] INFO:colcon.colcon_cmake.task.cmake.build:Building CMake package in '/home/lufsseccus/ros2_ws/src/kuka_udp_bridge_node'
[0.187s] INFO:colcon.colcon_core.plugin_system:Skipping extension 'colcon_core.shell.bat': Not used on non-Windows systems
[0.187s] INFO:colcon.colcon_core.shell:Skip shell extension 'powershell' for command environment: Not usable outside of PowerShell
[0.187s] DEBUG:colcon.colcon_core.shell:Skip shell extension 'dsv' for command environment
[0.194s] DEBUG:colcon.colcon_core.event_handler.log_command:Invoking command in '/home/lufsseccus/ros2_ws/src/kuka_udp_bridge_node/build/kuka_udp_bridge_node': CMAKE_PREFIX_PATH=${CMAKE_PREFIX_PATH}:/opt/ros/jazzy DEBUGINFOD_URLS=https://debuginfod.ubuntu.com /usr/bin/cmake /home/lufsseccus/ros2_ws/src/kuka_udp_bridge_node -DCMAKE_INSTALL_PREFIX=/home/lufsseccus/ros2_ws/src/kuka_udp_bridge_node/install/kuka_udp_bridge_node
[1.923s] DEBUG:colcon.colcon_core.event_handler.log_command:Invoked command in '/home/lufsseccus/ros2_ws/src/kuka_udp_bridge_node/build/kuka_udp_bridge_node' returned '0': CMAKE_PREFIX_PATH=${CMAKE_PREFIX_PATH}:/opt/ros/jazzy DEBUGINFOD_URLS=https://debuginfod.ubuntu.com /usr/bin/cmake /home/lufsseccus/ros2_ws/src/kuka_udp_bridge_node -DCMAKE_INSTALL_PREFIX=/home/lufsseccus/ros2_ws/src/kuka_udp_bridge_node/install/kuka_udp_bridge_node
[1.924s] DEBUG:colcon.colcon_core.event_handler.log_command:Invoking command in '/home/lufsseccus/ros2_ws/src/kuka_udp_bridge_node/build/kuka_udp_bridge_node': CMAKE_PREFIX_PATH=${CMAKE_PREFIX_PATH}:/opt/ros/jazzy DEBUGINFOD_URLS=https://debuginfod.ubuntu.com /usr/bin/cmake --build /home/lufsseccus/ros2_ws/src/kuka_udp_bridge_node/build/kuka_udp_bridge_node -- -j16 -l16
[9.029s] DEBUG:colcon.colcon_core.event_handler.log_command:Invoked command in '/home/lufsseccus/ros2_ws/src/kuka_udp_bridge_node/build/kuka_udp_bridge_node' returned '0': CMAKE_PREFIX_PATH=${CMAKE_PREFIX_PATH}:/opt/ros/jazzy DEBUGINFOD_URLS=https://debuginfod.ubuntu.com /usr/bin/cmake --build /home/lufsseccus/ros2_ws/src/kuka_udp_bridge_node/build/kuka_udp_bridge_node -- -j16 -l16
[9.036s] DEBUG:colcon.colcon_core.event_handler.log_command:Invoking command in '/home/lufsseccus/ros2_ws/src/kuka_udp_bridge_node/build/kuka_udp_bridge_node': CMAKE_PREFIX_PATH=${CMAKE_PREFIX_PATH}:/opt/ros/jazzy DEBUGINFOD_URLS=https://debuginfod.ubuntu.com /usr/bin/cmake --install /home/lufsseccus/ros2_ws/src/kuka_udp_bridge_node/build/kuka_udp_bridge_node
[9.049s] Level 1:colcon.colcon_core.environment:create_environment_scripts_only(kuka_udp_bridge_node)
[9.050s] DEBUG:colcon.colcon_core.event_handler.log_command:Invoked command in '/home/lufsseccus/ros2_ws/src/kuka_udp_bridge_node/build/kuka_udp_bridge_node' returned '0': CMAKE_PREFIX_PATH=${CMAKE_PREFIX_PATH}:/opt/ros/jazzy DEBUGINFOD_URLS=https://debuginfod.ubuntu.com /usr/bin/cmake --install /home/lufsseccus/ros2_ws/src/kuka_udp_bridge_node/build/kuka_udp_bridge_node
[9.054s] Level 1:colcon.colcon_core.environment:checking '/home/lufsseccus/ros2_ws/src/kuka_udp_bridge_node/install/kuka_udp_bridge_node' for CMake module files
[9.054s] Level 1:colcon.colcon_core.environment:checking '/home/lufsseccus/ros2_ws/src/kuka_udp_bridge_node/install/kuka_udp_bridge_node' for CMake config files
[9.054s] Level 1:colcon.colcon_core.shell:create_environment_hook('kuka_udp_bridge_node', 'cmake_prefix_path')
[9.054s] INFO:colcon.colcon_core.shell:Creating environment hook '/home/lufsseccus/ros2_ws/src/kuka_udp_bridge_node/install/kuka_udp_bridge_node/share/kuka_udp_bridge_node/hook/cmake_prefix_path.ps1'
[9.055s] INFO:colcon.colcon_core.shell:Creating environment descriptor '/home/lufsseccus/ros2_ws/src/kuka_udp_bridge_node/install/kuka_udp_bridge_node/share/kuka_udp_bridge_node/hook/cmake_prefix_path.dsv'
[9.055s] INFO:colcon.colcon_core.shell:Creating environment hook '/home/lufsseccus/ros2_ws/src/kuka_udp_bridge_node/install/kuka_udp_bridge_node/share/kuka_udp_bridge_node/hook/cmake_prefix_path.sh'
[9.056s] Level 1:colcon.colcon_core.environment:checking '/home/lufsseccus/ros2_ws/src/kuka_udp_bridge_node/install/kuka_udp_bridge_node/lib'
[9.056s] Level 1:colcon.colcon_core.environment:checking '/home/lufsseccus/ros2_ws/src/kuka_udp_bridge_node/install/kuka_udp_bridge_node/bin'
[9.056s] Level 1:colcon.colcon_core.environment:checking '/home/lufsseccus/ros2_ws/src/kuka_udp_bridge_node/install/kuka_udp_bridge_node/lib/pkgconfig/kuka_udp_bridge_node.pc'
[9.056s] Level 1:colcon.colcon_core.environment:checking '/home/lufsseccus/ros2_ws/src/kuka_udp_bridge_node/install/kuka_udp_bridge_node/lib/python3.12/site-packages'
[9.056s] Level 1:colcon.colcon_core.environment:checking '/home/lufsseccus/ros2_ws/src/kuka_udp_bridge_node/install/kuka_udp_bridge_node/bin'
[9.056s] INFO:colcon.colcon_core.shell:Creating package script '/home/lufsseccus/ros2_ws/src/kuka_udp_bridge_node/install/kuka_udp_bridge_node/share/kuka_udp_bridge_node/package.ps1'
[9.057s] INFO:colcon.colcon_core.shell:Creating package descriptor '/home/lufsseccus/ros2_ws/src/kuka_udp_bridge_node/install/kuka_udp_bridge_node/share/kuka_udp_bridge_node/package.dsv'
[9.057s] INFO:colcon.colcon_core.shell:Creating package script '/home/lufsseccus/ros2_ws/src/kuka_udp_bridge_node/install/kuka_udp_bridge_node/share/kuka_udp_bridge_node/package.sh'
[9.058s] INFO:colcon.colcon_core.shell:Creating package script '/home/lufsseccus/ros2_ws/src/kuka_udp_bridge_node/install/kuka_udp_bridge_node/share/kuka_udp_bridge_node/package.bash'
[9.058s] INFO:colcon.colcon_core.shell:Creating package script '/home/lufsseccus/ros2_ws/src/kuka_udp_bridge_node/install/kuka_udp_bridge_node/share/kuka_udp_bridge_node/package.zsh'
[9.059s] Level 1:colcon.colcon_core.environment:create_file_with_runtime_dependencies(/home/lufsseccus/ros2_ws/src/kuka_udp_bridge_node/install/kuka_udp_bridge_node/share/colcon-core/packages/kuka_udp_bridge_node)
[9.059s] Level 1:colcon.colcon_core.environment:create_environment_scripts_only(kuka_udp_bridge_node)
[9.059s] Level 1:colcon.colcon_core.environment:checking '/home/lufsseccus/ros2_ws/src/kuka_udp_bridge_node/install/kuka_udp_bridge_node' for CMake module files
[9.059s] Level 1:colcon.colcon_core.environment:checking '/home/lufsseccus/ros2_ws/src/kuka_udp_bridge_node/install/kuka_udp_bridge_node' for CMake config files
[9.059s] Level 1:colcon.colcon_core.shell:create_environment_hook('kuka_udp_bridge_node', 'cmake_prefix_path')
[9.060s] INFO:colcon.colcon_core.shell:Creating environment hook '/home/lufsseccus/ros2_ws/src/kuka_udp_bridge_node/install/kuka_udp_bridge_node/share/kuka_udp_bridge_node/hook/cmake_prefix_path.ps1'
[9.060s] INFO:colcon.colcon_core.shell:Creating environment descriptor '/home/lufsseccus/ros2_ws/src/kuka_udp_bridge_node/install/kuka_udp_bridge_node/share/kuka_udp_bridge_node/hook/cmake_prefix_path.dsv'
[9.060s] INFO:colcon.colcon_core.shell:Creating environment hook '/home/lufsseccus/ros2_ws/src/kuka_udp_bridge_node/install/kuka_udp_bridge_node/share/kuka_udp_bridge_node/hook/cmake_prefix_path.sh'
[9.060s] Level 1:colcon.colcon_core.environment:checking '/home/lufsseccus/ros2_ws/src/kuka_udp_bridge_node/install/kuka_udp_bridge_node/lib'
[9.060s] Level 1:colcon.colcon_core.environment:checking '/home/lufsseccus/ros2_ws/src/kuka_udp_bridge_node/install/kuka_udp_bridge_node/bin'
[9.060s] Level 1:colcon.colcon_core.environment:checking '/home/lufsseccus/ros2_ws/src/kuka_udp_bridge_node/install/kuka_udp_bridge_node/lib/pkgconfig/kuka_udp_bridge_node.pc'
[9.060s] Level 1:colcon.colcon_core.environment:checking '/home/lufsseccus/ros2_ws/src/kuka_udp_bridge_node/install/kuka_udp_bridge_node/lib/python3.12/site-packages'
[9.061s] Level 1:colcon.colcon_core.environment:checking '/home/lufsseccus/ros2_ws/src/kuka_udp_bridge_node/install/kuka_udp_bridge_node/bin'
[9.061s] INFO:colcon.colcon_core.shell:Creating package script '/home/lufsseccus/ros2_ws/src/kuka_udp_bridge_node/install/kuka_udp_bridge_node/share/kuka_udp_bridge_node/package.ps1'
[9.061s] INFO:colcon.colcon_core.shell:Creating package descriptor '/home/lufsseccus/ros2_ws/src/kuka_udp_bridge_node/install/kuka_udp_bridge_node/share/kuka_udp_bridge_node/package.dsv'
[9.061s] INFO:colcon.colcon_core.shell:Creating package script '/home/lufsseccus/ros2_ws/src/kuka_udp_bridge_node/install/kuka_udp_bridge_node/share/kuka_udp_bridge_node/package.sh'
[9.062s] INFO:colcon.colcon_core.shell:Creating package script '/home/lufsseccus/ros2_ws/src/kuka_udp_bridge_node/install/kuka_udp_bridge_node/share/kuka_udp_bridge_node/package.bash'
[9.062s] INFO:colcon.colcon_core.shell:Creating package script '/home/lufsseccus/ros2_ws/src/kuka_udp_bridge_node/install/kuka_udp_bridge_node/share/kuka_udp_bridge_node/package.zsh'
[9.062s] Level 1:colcon.colcon_core.environment:create_file_with_runtime_dependencies(/home/lufsseccus/ros2_ws/src/kuka_udp_bridge_node/install/kuka_udp_bridge_node/share/colcon-core/packages/kuka_udp_bridge_node)
[9.062s] DEBUG:colcon.colcon_core.executor.sequential:run_until_complete 'kuka_udp_bridge_node' finished with '0'
[9.062s] DEBUG:colcon.colcon_core.executor.sequential:closing loop
[9.062s] DEBUG:colcon.colcon_core.executor.sequential:loop closed
[9.062s] DEBUG:colcon.colcon_core.event_reactor:joining thread
[9.072s] INFO:colcon.colcon_core.plugin_system:Skipping extension 'colcon_notification.desktop_notification.terminal_notifier': Not used on non-Darwin systems
[9.072s] INFO:colcon.colcon_core.plugin_system:Skipping extension 'colcon_notification.desktop_notification.win32': Not used on non-Windows systems
[9.072s] INFO:colcon.colcon_notification.desktop_notification:Sending desktop notification using 'notify2'
[9.104s] DEBUG:colcon.colcon_core.event_reactor:joined thread
[9.104s] INFO:colcon.colcon_core.shell:Creating prefix script '/home/lufsseccus/ros2_ws/src/kuka_udp_bridge_node/install/local_setup.ps1'
[9.105s] INFO:colcon.colcon_core.shell:Creating prefix util module '/home/lufsseccus/ros2_ws/src/kuka_udp_bridge_node/install/_local_setup_util_ps1.py'
[9.106s] INFO:colcon.colcon_core.shell:Creating prefix chain script '/home/lufsseccus/ros2_ws/src/kuka_udp_bridge_node/install/setup.ps1'
[9.106s] INFO:colcon.colcon_core.shell:Creating prefix script '/home/lufsseccus/ros2_ws/src/kuka_udp_bridge_node/install/local_setup.sh'
[9.107s] INFO:colcon.colcon_core.shell:Creating prefix util module '/home/lufsseccus/ros2_ws/src/kuka_udp_bridge_node/install/_local_setup_util_sh.py'
[9.107s] INFO:colcon.colcon_core.shell:Creating prefix chain script '/home/lufsseccus/ros2_ws/src/kuka_udp_bridge_node/install/setup.sh'
[9.108s] INFO:colcon.colcon_core.shell:Creating prefix script '/home/lufsseccus/ros2_ws/src/kuka_udp_bridge_node/install/local_setup.bash'
[9.109s] INFO:colcon.colcon_core.shell:Creating prefix chain script '/home/lufsseccus/ros2_ws/src/kuka_udp_bridge_node/install/setup.bash'
[9.110s] INFO:colcon.colcon_core.shell:Creating prefix script '/home/lufsseccus/ros2_ws/src/kuka_udp_bridge_node/install/local_setup.zsh'
[9.110s] INFO:colcon.colcon_core.shell:Creating prefix chain script '/home/lufsseccus/ros2_ws/src/kuka_udp_bridge_node/install/setup.zsh'
